# JRE version: OpenJDK Runtime Environment Microsoft-8035246 (17.0.8+7) (build 17.0.8+7-LTS)
# Java VM: OpenJDK 64-Bit Server VM Microsoft-8035246 (17.0.8+7-LTS, mixed mode, sharing, tiered, compressed oops, compressed class ptrs, g1 gc, windows-amd64)
GC Precious Log:
 CPUs: 8 total, 8 available
 Memory: 16062M
 Large Page Support: Disabled
 NUMA Support: Disabled
 Compressed Oops: Enabled (32-bit)
 Heap Region Size: 1M
 Heap Min Capacity: 8M
 Heap Initial Capacity: 252M
 Heap Max Capacity: 2G
 Pre-touch: Disabled
 Parallel Workers: 8
 Concurrent Workers: 2
 Concurrent Refinement Workers: 8
 Periodic GC: Disabled
Heap:
 garbage-first heap   total 310272K, used 241024K [0x0000000080000000, 0x0000000100000000)
  region size 1024K, 62 young (63488K), 9 survivors (9216K)
 Metaspace       used 103058K, committed 104128K, reserved 557056K
  class space    used 14491K, committed 14976K, reserved 425984K
GC Heap History (20 events):
Event: 29.207 GC heap before
{Heap before GC invocations=49 (full 0):
 garbage-first heap   total 215040K, used 134607K [0x0000000080000000, 0x0000000100000000)
  region size 1024K, 10 young (10240K), 3 survivors (3072K)
 Metaspace       used 88735K, committed 89664K, reserved 557056K
  class space    used 12578K, committed 12992K, reserved 425984K
}
Event: 29.212 GC heap after
{Heap after GC invocations=50 (full 0):
 garbage-first heap   total 258048K, used 128570K [0x0000000080000000, 0x0000000100000000)
  region size 1024K, 2 young (2048K), 2 survivors (2048K)
 Metaspace       used 88735K, committed 89664K, reserved 557056K
  class space    used 12578K, committed 12992K, reserved 425984K
}
Event: 30.028 GC heap before
{Heap before GC invocations=50 (full 0):
 garbage-first heap   total 258048K, used 194106K [0x0000000080000000, 0x0000000100000000)
  region size 1024K, 66 young (67584K), 2 survivors (2048K)
 Metaspace       used 92635K, committed 93568K, reserved 557056K
  class space    used 13127K, committed 13568K, reserved 425984K
}
Event: 30.032 GC heap after
{Heap after GC invocations=51 (full 0):
 garbage-first heap   total 258048K, used 131162K [0x0000000080000000, 0x0000000100000000)
  region size 1024K, 4 young (4096K), 4 survivors (4096K)
 Metaspace       used 92635K, committed 93568K, reserved 557056K
  class space    used 13127K, committed 13568K, reserved 425984K
}
Event: 30.634 GC heap before
{Heap before GC invocations=51 (full 0):
 garbage-first heap   total 258048K, used 198746K [0x0000000080000000, 0x0000000100000000)
  region size 1024K, 70 young (71680K), 4 survivors (4096K)
 Metaspace       used 94934K, committed 95936K, reserved 557056K
  class space    used 13421K, committed 13888K, reserved 425984K
}
Event: 30.641 GC heap after
{Heap after GC invocations=52 (full 0):
 garbage-first heap   total 258048K, used 137999K [0x0000000080000000, 0x0000000100000000)
  region size 1024K, 9 young (9216K), 9 survivors (9216K)
 Metaspace       used 94934K, committed 95936K, reserved 557056K
  class space    used 13421K, committed 13888K, reserved 425984K
}
Event: 31.035 GC heap before
{Heap before GC invocations=52 (full 0):
 garbage-first heap   total 258048K, used 202511K [0x0000000080000000, 0x0000000100000000)
  region size 1024K, 73 young (74752K), 9 survivors (9216K)
 Metaspace       used 95080K, committed 96064K, reserved 557056K
  class space    used 13435K, committed 13888K, reserved 425984K
}
Event: 31.047 GC heap after
{Heap after GC invocations=53 (full 0):
 garbage-first heap   total 258048K, used 149399K [0x0000000080000000, 0x0000000100000000)
  region size 1024K, 10 young (10240K), 10 survivors (10240K)
 Metaspace       used 95080K, committed 96064K, reserved 557056K
  class space    used 13435K, committed 13888K, reserved 425984K
}
Event: 31.798 GC heap before
{Heap before GC invocations=53 (full 0):
 garbage-first heap   total 258048K, used 208791K [0x0000000080000000, 0x0000000100000000)
  region size 1024K, 66 young (67584K), 10 survivors (10240K)
 Metaspace       used 95846K, committed 96960K, reserved 557056K
  class space    used 13521K, committed 14016K, reserved 425984K
}
Event: 31.808 GC heap after
{Heap after GC invocations=54 (full 0):
 garbage-first heap   total 258048K, used 164037K [0x0000000080000000, 0x0000000100000000)
  region size 1024K, 9 young (9216K), 9 survivors (9216K)
 Metaspace       used 95846K, committed 96960K, reserved 557056K
  class space    used 13521K, committed 14016K, reserved 425984K
}
Event: 32.490 GC heap before
{Heap before GC invocations=54 (full 0):
 garbage-first heap   total 258048K, used 208069K [0x0000000080000000, 0x0000000100000000)
  region size 1024K, 52 young (53248K), 9 survivors (9216K)
 Metaspace       used 99840K, committed 100928K, reserved 557056K
  class space    used 14082K, committed 14592K, reserved 425984K
}
Event: 32.506 GC heap after
{Heap after GC invocations=55 (full 0):
 garbage-first heap   total 258048K, used 168829K [0x0000000080000000, 0x0000000100000000)
  region size 1024K, 4 young (4096K), 4 survivors (4096K)
 Metaspace       used 99840K, committed 100928K, reserved 557056K
  class space    used 14082K, committed 14592K, reserved 425984K
}
Event: 33.160 GC heap before
{Heap before GC invocations=55 (full 0):
 garbage-first heap   total 258048K, used 211837K [0x0000000080000000, 0x0000000100000000)
  region size 1024K, 46 young (47104K), 4 survivors (4096K)
 Metaspace       used 101306K, committed 102400K, reserved 557056K
  class space    used 14254K, committed 14784K, reserved 425984K
}
Event: 33.168 GC heap after
{Heap after GC invocations=56 (full 0):
 garbage-first heap   total 258048K, used 174725K [0x0000000080000000, 0x0000000100000000)
  region size 1024K, 6 young (6144K), 6 survivors (6144K)
 Metaspace       used 101306K, committed 102400K, reserved 557056K
  class space    used 14254K, committed 14784K, reserved 425984K
}
Event: 33.473 GC heap before
{Heap before GC invocations=56 (full 0):
 garbage-first heap   total 258048K, used 213637K [0x0000000080000000, 0x0000000100000000)
  region size 1024K, 44 young (45056K), 6 survivors (6144K)
 Metaspace       used 101519K, committed 102656K, reserved 557056K
  class space    used 14254K, committed 14784K, reserved 425984K
}
Event: 33.480 GC heap after
{Heap after GC invocations=57 (full 0):
 garbage-first heap   total 258048K, used 178806K [0x0000000080000000, 0x0000000100000000)
  region size 1024K, 4 young (4096K), 4 survivors (4096K)
 Metaspace       used 101519K, committed 102656K, reserved 557056K
  class space    used 14254K, committed 14784K, reserved 425984K
}
Event: 33.819 GC heap before
{Heap before GC invocations=57 (full 0):
 garbage-first heap   total 258048K, used 215670K [0x0000000080000000, 0x0000000100000000)
  region size 1024K, 40 young (40960K), 4 survivors (4096K)
 Metaspace       used 102398K, committed 103552K, reserved 557056K
  class space    used 14436K, committed 14976K, reserved 425984K
}
Event: 33.827 GC heap after
{Heap after GC invocations=58 (full 0):
 garbage-first heap   total 310272K, used 183411K [0x0000000080000000, 0x0000000100000000)
  region size 1024K, 5 young (5120K), 5 survivors (5120K)
 Metaspace       used 102398K, committed 103552K, reserved 557056K
  class space    used 14436K, committed 14976K, reserved 425984K
}
Event: 34.905 GC heap before
{Heap before GC invocations=58 (full 0):
 garbage-first heap   total 310272K, used 250995K [0x0000000080000000, 0x0000000100000000)
  region size 1024K, 72 young (73728K), 5 survivors (5120K)
 Metaspace       used 103028K, committed 104128K, reserved 557056K
  class space    used 14490K, committed 14976K, reserved 425984K
}
Event: 34.916 GC heap after
{Heap after GC invocations=59 (full 0):
 garbage-first heap   total 310272K, used 188800K [0x0000000080000000, 0x0000000100000000)
  region size 1024K, 9 young (9216K), 9 survivors (9216K)
 Metaspace       used 103028K, committed 104128K, reserved 557056K
  class space    used 14490K, committed 14976K, reserved 425984K
}

